<?xml version="1.0" encoding="UTF-8"?>
<!-- Generated by org.testng.reporters.JUnitXMLReporter -->
<testsuite ignored="0" hostname="SUFIYAN" failures="0" tests="1" name="Test1" time="0.055" errors="0" timestamp="2023-03-03T16:00:43 IST">
  <testcase classname="demo.TestNGMultibrowser" name="@BeforeTest setup" time="-1.677839443448E9">
    <failure type="org.testng.TestNGException" message="
Parameter &amp;apos;browsername&amp;apos; is required by BeforeTest on method setup but has not been marked @Optional or defined
in C:\Users\HP\eclipse-workspace\TestNGFramework\testng.xml">
      <![CDATA[org.testng.TestNGException: 
Parameter 'browsername' is required by BeforeTest on method setup but has not been marked @Optional or defined
in C:\Users\HP\eclipse-workspace\TestNGFramework\testng.xml
... Removed 21 stack frames]]>
    </failure>
  </testcase> <!-- @BeforeTest setup -->
  <testcase classname="demo.TestNGMultibrowser" name="@AfterTest teardown" time="-1.677839443494E9">
    <skipped/>
  </testcase> <!-- @AfterTest teardown -->
  <testcase classname="demo.TestNGMultibrowser" name="test1" time="0.0">
    <skipped/>
  </testcase> <!-- test1 -->
</testsuite> <!-- Test1 -->
